<?xml version="1.0" encoding="UTF-8"?>
<testng-results skipped="0" failed="1" ignored="0" total="3" passed="2">
  <reporter-output>
  </reporter-output>
  <suite name="SAP Conv AI Automation Tests Suite" duration-ms="137237" started-at="2020-09-04T13:55:22 IST" finished-at="2020-09-04T13:57:39 IST">
    <groups>
    </groups>
    <test name="SAP Conv AI Tests" duration-ms="137237" started-at="2020-09-04T13:55:22 IST" finished-at="2020-09-04T13:57:39 IST">
      <class name="com.sap.convai.test.SampleTest">
        <test-method status="PASS" signature="beforeTestGlobal()[pri:0, instance:com.sap.convai.test.SampleTest@473b46c3]" name="beforeTestGlobal" is-config="true" duration-ms="9" started-at="2020-09-04T13:55:22 IST" finished-at="2020-09-04T13:55:22 IST">
          <reporter-output>
          </reporter-output>
        </test-method> <!-- beforeTestGlobal -->
        <test-method status="FAIL" signature="register(java.lang.String, pojo.UserRegisterationData)[pri:0, instance:com.sap.convai.test.SampleTest@473b46c3]" name="register" duration-ms="45437" started-at="2020-09-04T13:55:22 IST" description="Register into Conversational AI Platform" data-provider="userRegData" finished-at="2020-09-04T13:56:08 IST">
          <params>
            <param index="0">
              <value>
                <![CDATA[Valid Case]]>
              </value>
            </param>
            <param index="1">
              <value>
                <![CDATA[pojo.UserRegisterationData@62c2df88]]>
              </value>
            </param>
          </params>
          <exception class="java.lang.AssertionError">
            <message>
              <![CDATA[Expected and actual registration status match expected [false] but found [true]]]>
            </message>
            <full-stacktrace>
              <![CDATA[java.lang.AssertionError: Expected and actual registration status match expected [false] but found [true]
at org.testng.Assert.fail(Assert.java:99)
at org.testng.Assert.failNotEquals(Assert.java:1037)
at org.testng.Assert.assertEqualsImpl(Assert.java:140)
at org.testng.Assert.assertEquals(Assert.java:122)
at org.testng.Assert.assertEquals(Assert.java:819)
at com.sap.convai.test.SampleTest.register(SampleTest.java:34)
at sun.reflect.NativeMethodAccessorImpl.invoke0(Native Method)
at sun.reflect.NativeMethodAccessorImpl.invoke(NativeMethodAccessorImpl.java:62)
at sun.reflect.DelegatingMethodAccessorImpl.invoke(DelegatingMethodAccessorImpl.java:43)
at java.lang.reflect.Method.invoke(Method.java:498)
at org.testng.internal.MethodInvocationHelper.invokeMethod(MethodInvocationHelper.java:132)
at org.testng.internal.TestInvoker.invokeMethod(TestInvoker.java:599)
at org.testng.internal.TestInvoker.invokeTestMethod(TestInvoker.java:174)
at org.testng.internal.MethodRunner.runInSequence(MethodRunner.java:46)
at org.testng.internal.TestInvoker$MethodInvocationAgent.invoke(TestInvoker.java:822)
at org.testng.internal.TestInvoker.invokeTestMethods(TestInvoker.java:147)
at org.testng.internal.TestMethodWorker.invokeTestMethods(TestMethodWorker.java:146)
at org.testng.internal.TestMethodWorker.run(TestMethodWorker.java:128)
at java.util.concurrent.ThreadPoolExecutor.runWorker(ThreadPoolExecutor.java:1149)
at java.util.concurrent.ThreadPoolExecutor$Worker.run(ThreadPoolExecutor.java:624)
at java.lang.Thread.run(Thread.java:748)
]]>
            </full-stacktrace>
          </exception> <!-- java.lang.AssertionError -->
          <reporter-output>
          </reporter-output>
        </test-method> <!-- register -->
        <test-method status="PASS" signature="cleanup()[pri:0, instance:com.sap.convai.test.SampleTest@473b46c3]" name="cleanup" is-config="true" duration-ms="0" started-at="2020-09-04T13:56:08 IST" finished-at="2020-09-04T13:56:08 IST">
          <reporter-output>
          </reporter-output>
        </test-method> <!-- cleanup -->
        <test-method status="PASS" signature="register(java.lang.String, pojo.UserRegisterationData)[pri:0, instance:com.sap.convai.test.SampleTest@473b46c3]" name="register" duration-ms="46603" started-at="2020-09-04T13:56:08 IST" description="Register into Conversational AI Platform" data-provider="userRegData" finished-at="2020-09-04T13:56:55 IST">
          <params>
            <param index="0">
              <value>
                <![CDATA[Password doesn’t match]]>
              </value>
            </param>
            <param index="1">
              <value>
                <![CDATA[pojo.UserRegisterationData@490c6e55]]>
              </value>
            </param>
          </params>
          <reporter-output>
          </reporter-output>
        </test-method> <!-- register -->
        <test-method status="PASS" signature="cleanup()[pri:0, instance:com.sap.convai.test.SampleTest@473b46c3]" name="cleanup" is-config="true" duration-ms="1" started-at="2020-09-04T13:56:55 IST" finished-at="2020-09-04T13:56:55 IST">
          <reporter-output>
          </reporter-output>
        </test-method> <!-- cleanup -->
        <test-method status="PASS" signature="register(java.lang.String, pojo.UserRegisterationData)[pri:0, instance:com.sap.convai.test.SampleTest@473b46c3]" name="register" duration-ms="44678" started-at="2020-09-04T13:56:55 IST" description="Register into Conversational AI Platform" data-provider="userRegData" finished-at="2020-09-04T13:57:39 IST">
          <params>
            <param index="0">
              <value>
                <![CDATA[Email Missing]]>
              </value>
            </param>
            <param index="1">
              <value>
                <![CDATA[pojo.UserRegisterationData@2338b5b]]>
              </value>
            </param>
          </params>
          <reporter-output>
          </reporter-output>
        </test-method> <!-- register -->
        <test-method status="PASS" signature="cleanup()[pri:0, instance:com.sap.convai.test.SampleTest@473b46c3]" name="cleanup" is-config="true" duration-ms="0" started-at="2020-09-04T13:57:39 IST" finished-at="2020-09-04T13:57:39 IST">
          <reporter-output>
          </reporter-output>
        </test-method> <!-- cleanup -->
        <test-method status="PASS" signature="afterTest()[pri:0, instance:com.sap.convai.test.SampleTest@473b46c3]" name="afterTest" is-config="true" duration-ms="217" started-at="2020-09-04T13:57:39 IST" finished-at="2020-09-04T13:57:40 IST">
          <reporter-output>
          </reporter-output>
        </test-method> <!-- afterTest -->
      </class> <!-- com.sap.convai.test.SampleTest -->
    </test> <!-- SAP Conv AI Tests -->
  </suite> <!-- SAP Conv AI Automation Tests Suite -->
</testng-results>
