<?xml version="1.0" encoding="UTF-8"?>
<testng-results skipped="0" failed="1" ignored="0" total="3" passed="2">
  <reporter-output>
  </reporter-output>
  <suite name="Default suite" duration-ms="54733" started-at="2020-09-07T08:10:34 IST" finished-at="2020-09-07T08:11:29 IST">
    <groups>
    </groups>
    <test name="Default test" duration-ms="54733" started-at="2020-09-07T08:10:34 IST" finished-at="2020-09-07T08:11:29 IST">
      <class name="com.sap.convai.test.SampleTest">
        <test-method status="PASS" signature="beforeTestGlobal()[pri:0, instance:com.sap.convai.test.SampleTest@19dc67c2]" name="beforeTestGlobal" is-config="true" duration-ms="11" started-at="2020-09-07T08:10:34 IST" finished-at="2020-09-07T08:10:34 IST">
          <reporter-output>
          </reporter-output>
        </test-method> <!-- beforeTestGlobal -->
        <test-method status="FAIL" signature="register(java.lang.String, pojo.UserRegisterationData)[pri:0, instance:com.sap.convai.test.SampleTest@19dc67c2]" name="register" duration-ms="22874" started-at="2020-09-07T08:10:35 IST" description="Register into Conversational AI Platform" data-provider="userRegData" finished-at="2020-09-07T08:10:57 IST">
          <params>
            <param index="0">
              <value>
                <![CDATA[Valid Case]]>
              </value>
            </param>
            <param index="1">
              <value>
                <![CDATA[pojo.UserRegisterationData@32115b28]]>
              </value>
            </param>
          </params>
          <exception class="java.lang.AssertionError">
            <message>
              <![CDATA[Expected and actual registration status match expected [false] but found [true]]]>
            </message>
            <full-stacktrace>
              <![CDATA[java.lang.AssertionError: Expected and actual registration status match expected [false] but found [true]
at org.testng.Assert.fail(Assert.java:99)
at org.testng.Assert.failNotEquals(Assert.java:1037)
at org.testng.Assert.assertEqualsImpl(Assert.java:140)
at org.testng.Assert.assertEquals(Assert.java:122)
at org.testng.Assert.assertEquals(Assert.java:819)
at com.sap.convai.test.SampleTest.register(SampleTest.java:34)
at sun.reflect.NativeMethodAccessorImpl.invoke0(Native Method)
at sun.reflect.NativeMethodAccessorImpl.invoke(NativeMethodAccessorImpl.java:62)
at sun.reflect.DelegatingMethodAccessorImpl.invoke(DelegatingMethodAccessorImpl.java:43)
at java.lang.reflect.Method.invoke(Method.java:498)
at org.testng.internal.MethodInvocationHelper.invokeMethod(MethodInvocationHelper.java:132)
at org.testng.internal.TestInvoker.invokeMethod(TestInvoker.java:599)
at org.testng.internal.TestInvoker.invokeTestMethod(TestInvoker.java:174)
at org.testng.internal.MethodRunner.runInSequence(MethodRunner.java:46)
at org.testng.internal.TestInvoker$MethodInvocationAgent.invoke(TestInvoker.java:822)
at org.testng.internal.TestInvoker.invokeTestMethods(TestInvoker.java:147)
at org.testng.internal.TestMethodWorker.invokeTestMethods(TestMethodWorker.java:146)
at org.testng.internal.TestMethodWorker.run(TestMethodWorker.java:128)
at java.util.ArrayList.forEach(ArrayList.java:1257)
at org.testng.TestRunner.privateRun(TestRunner.java:764)
at org.testng.TestRunner.run(TestRunner.java:585)
at org.testng.SuiteRunner.runTest(SuiteRunner.java:384)
at org.testng.SuiteRunner.runSequentially(SuiteRunner.java:378)
at org.testng.SuiteRunner.privateRun(SuiteRunner.java:337)
at org.testng.SuiteRunner.run(SuiteRunner.java:286)
at org.testng.SuiteRunnerWorker.runSuite(SuiteRunnerWorker.java:53)
at org.testng.SuiteRunnerWorker.run(SuiteRunnerWorker.java:96)
at org.testng.TestNG.runSuitesSequentially(TestNG.java:1218)
at org.testng.TestNG.runSuitesLocally(TestNG.java:1140)
at org.testng.TestNG.runSuites(TestNG.java:1069)
at org.testng.TestNG.run(TestNG.java:1037)
at org.testng.remote.AbstractRemoteTestNG.run(AbstractRemoteTestNG.java:115)
at org.testng.remote.RemoteTestNG.initAndRun(RemoteTestNG.java:251)
at org.testng.remote.RemoteTestNG.main(RemoteTestNG.java:77)
]]>
            </full-stacktrace>
          </exception> <!-- java.lang.AssertionError -->
          <reporter-output>
          </reporter-output>
        </test-method> <!-- register -->
        <test-method status="PASS" signature="cleanup()[pri:0, instance:com.sap.convai.test.SampleTest@19dc67c2]" name="cleanup" is-config="true" duration-ms="0" started-at="2020-09-07T08:10:57 IST" finished-at="2020-09-07T08:10:57 IST">
          <reporter-output>
          </reporter-output>
        </test-method> <!-- cleanup -->
        <test-method status="PASS" signature="register(java.lang.String, pojo.UserRegisterationData)[pri:0, instance:com.sap.convai.test.SampleTest@19dc67c2]" name="register" duration-ms="14659" started-at="2020-09-07T08:10:57 IST" description="Register into Conversational AI Platform" data-provider="userRegData" finished-at="2020-09-07T08:11:12 IST">
          <params>
            <param index="0">
              <value>
                <![CDATA[Password doesn’t match]]>
              </value>
            </param>
            <param index="1">
              <value>
                <![CDATA[pojo.UserRegisterationData@7ca0863b]]>
              </value>
            </param>
          </params>
          <reporter-output>
          </reporter-output>
        </test-method> <!-- register -->
        <test-method status="PASS" signature="register(java.lang.String, pojo.UserRegisterationData)[pri:0, instance:com.sap.convai.test.SampleTest@19dc67c2]" name="register" duration-ms="16478" started-at="2020-09-07T08:11:12 IST" description="Register into Conversational AI Platform" data-provider="userRegData" finished-at="2020-09-07T08:11:29 IST">
          <params>
            <param index="0">
              <value>
                <![CDATA[Email Missing]]>
              </value>
            </param>
            <param index="1">
              <value>
                <![CDATA[pojo.UserRegisterationData@20ab3e3a]]>
              </value>
            </param>
          </params>
          <reporter-output>
          </reporter-output>
        </test-method> <!-- register -->
        <test-method status="PASS" signature="cleanup()[pri:0, instance:com.sap.convai.test.SampleTest@19dc67c2]" name="cleanup" is-config="true" duration-ms="0" started-at="2020-09-07T08:11:12 IST" finished-at="2020-09-07T08:11:12 IST">
          <reporter-output>
          </reporter-output>
        </test-method> <!-- cleanup -->
        <test-method status="PASS" signature="cleanup()[pri:0, instance:com.sap.convai.test.SampleTest@19dc67c2]" name="cleanup" is-config="true" duration-ms="0" started-at="2020-09-07T08:11:29 IST" finished-at="2020-09-07T08:11:29 IST">
          <reporter-output>
          </reporter-output>
        </test-method> <!-- cleanup -->
        <test-method status="PASS" signature="afterTest()[pri:0, instance:com.sap.convai.test.SampleTest@19dc67c2]" name="afterTest" is-config="true" duration-ms="260" started-at="2020-09-07T08:11:29 IST" finished-at="2020-09-07T08:11:29 IST">
          <reporter-output>
          </reporter-output>
        </test-method> <!-- afterTest -->
      </class> <!-- com.sap.convai.test.SampleTest -->
    </test> <!-- Default test -->
  </suite> <!-- Default suite -->
</testng-results>
