<?xml version="1.0" encoding="UTF-8"?>
<!-- Generated by org.testng.reporters.JUnitXMLReporter -->
<testsuite hostname="C02T7D4NGTFM" ignored="0" name="SAP Conv AI Tests" tests="3" failures="1" timestamp="2020-09-04T13:57:39 IST" time="137.237" errors="0">
  <testcase name="register" time="45.437" classname="com.sap.convai.test.SampleTest">
    <failure type="java.lang.AssertionError" message="Expected and actual registration status match expected [false] but found [true]">
      <![CDATA[java.lang.AssertionError: Expected and actual registration status match expected [false] but found [true]
at com.sap.convai.test.SampleTest.register(SampleTest.java:34)
at java.util.concurrent.ThreadPoolExecutor.runWorker(ThreadPoolExecutor.java:1149)
at java.util.concurrent.ThreadPoolExecutor$Worker.run(ThreadPoolExecutor.java:624)
at java.lang.Thread.run(Thread.java:748)
... Removed 17 stack frames]]>
    </failure>
  </testcase> <!-- register -->
  <testcase name="register" time="46.603" classname="com.sap.convai.test.SampleTest"/>
  <testcase name="register" time="44.678" classname="com.sap.convai.test.SampleTest"/>
</testsuite> <!-- SAP Conv AI Tests -->
